c:\users\oleg laptop\downloads\dbggswindow\debug\dbggswindow.pch
c:\users\oleg laptop\downloads\dbggswindow\debug\vc120.pdb
c:\users\oleg laptop\downloads\dbggswindow\debug\vc120.idb
c:\users\oleg laptop\downloads\dbggswindow\debug\stdafx.obj
c:\users\oleg laptop\downloads\dbggswindow\debug\dbggswindow.obj
c:\users\oleg laptop\downloads\dbggswindow\debug\spaceshipgenerator.obj
c:\users\oleg laptop\downloads\dbggswindow\debug\primdraw.obj
c:\users\oleg laptop\downloads\dbggswindow\debug\winconnect.obj
c:\users\oleg laptop\downloads\dbggswindow\debug\dbggswindow.exe
c:\users\oleg laptop\downloads\dbggswindow\debug\dbggswindow.pdb
c:\users\oleg laptop\downloads\dbggswindow\debug\dbggswindow.res
c:\users\oleg laptop\downloads\dbggswindow\debug\dbggswindow.tlog\cl.command.1.tlog
c:\users\oleg laptop\downloads\dbggswindow\debug\dbggswindow.tlog\cl.read.1.tlog
c:\users\oleg laptop\downloads\dbggswindow\debug\dbggswindow.tlog\cl.write.1.tlog
c:\users\oleg laptop\downloads\dbggswindow\debug\dbggswindow.tlog\link.command.1.tlog
c:\users\oleg laptop\downloads\dbggswindow\debug\dbggswindow.tlog\link.read.1.tlog
c:\users\oleg laptop\downloads\dbggswindow\debug\dbggswindow.tlog\link.write.1.tlog
c:\users\oleg laptop\downloads\dbggswindow\debug\dbggswindow.tlog\rc.command.1.tlog
c:\users\oleg laptop\downloads\dbggswindow\debug\dbggswindow.tlog\rc.read.1.tlog
c:\users\oleg laptop\downloads\dbggswindow\debug\dbggswindow.tlog\rc.write.1.tlog
