Build started 2/26/2014 8:18:04 PM.
     1>Project "C:\Users\Oleg Laptop\Downloads\DbgGsWindow\DbgGsWindow.vcxproj" on node 2 (Build target(s)).
     1>ClCompile:
         C:\Program Files (x86)\Microsoft Visual Studio 12.0\VC\bin\CL.exe /c /ZI /nologo /W3 /WX- /Od /Oy- /D WIN32 /D _DEBUG /D _WINDOWS /D _UNICODE /D UNICODE /Gm /EHsc /RTC1 /MDd /GS /fp:precise /Zc:wchar_t /Zc:forScope /Fo"Debug\\" /Fd"Debug\vc120.pdb" /Gd /TP /analyze- /errorReport:prompt mapGen\spaceShipGenerator.cpp
         spaceShipGenerator.cpp
     1>c:\users\oleg laptop\downloads\dbggswindow\winconnect.h(4): warning C4099: 'DrawBuffer' : type name first seen using 'class' now seen using 'struct'
                 c:\users\oleg laptop\downloads\dbggswindow\mapgen\ship.h(8) : see declaration of 'DrawBuffer'
     1>c:\users\oleg laptop\downloads\dbggswindow\mapgen\spaceshipgenerator.cpp(36): warning C4244: 'argument' : conversion from 'time_t' to 'unsigned int', possible loss of data
       Link:
         C:\Program Files (x86)\Microsoft Visual Studio 12.0\VC\bin\link.exe /ERRORREPORT:PROMPT /OUT:"C:\Users\Oleg Laptop\Downloads\DbgGsWindow\Debug\DbgGsWindow.exe" /INCREMENTAL:NO /NOLOGO kernel32.lib user32.lib gdi32.lib winspool.lib comdlg32.lib advapi32.lib shell32.lib ole32.lib oleaut32.lib uuid.lib odbc32.lib odbccp32.lib /MANIFEST /MANIFESTUAC:"level='asInvoker' uiAccess='false'" /manifest:embed /DEBUG /PDB:"C:\Users\Oleg Laptop\Downloads\DbgGsWindow\Debug\DbgGsWindow.pdb" /SUBSYSTEM:WINDOWS /TLBID:1 /DYNAMICBASE /NXCOMPAT /IMPLIB:"C:\Users\Oleg Laptop\Downloads\DbgGsWindow\Debug\DbgGsWindow.lib" /MACHINE:X86 Debug\DbgGsWindow.res
         Debug\DbgGsWindow.obj
         Debug\spaceShipGenerator.obj
         Debug\PrimDraw.obj
         Debug\WinConnect.obj
         Debug\stdafx.obj
     1>DbgGsWindow.obj : warning LNK4075: ignoring '/EDITANDCONTINUE' due to '/OPT:LBR' specification
         DbgGsWindow.vcxproj -> C:\Users\Oleg Laptop\Downloads\DbgGsWindow\Debug\DbgGsWindow.exe
     1>Done Building Project "C:\Users\Oleg Laptop\Downloads\DbgGsWindow\DbgGsWindow.vcxproj" (Build target(s)).

Build succeeded.

Time Elapsed 00:00:05.83
