Build started 12/19/2013 6:30:11 PM.
     1>Project "C:\DO_NOT_DELETE\DbgGsWindow\DbgGsWindow\DbgGsWindow.vcxproj" on node 2 (build target(s)).
     1>InitializeBuildStatus:
         Creating "Release\DbgGsWindow.unsuccessfulbuild" because "AlwaysCreate" was specified.
       ClCompile:
         All outputs are up-to-date.
         c:\Program Files (x86)\Microsoft Visual Studio 10.0\VC\bin\CL.exe /c /Zi /nologo /W3 /WX- /O2 /Oi /Oy- /GL /D WIN32 /D NDEBUG /D _WINDOWS /D _UNICODE /D UNICODE /Gm- /EHsc /MD /GS /Gy /fp:precise /Zc:wchar_t /Zc:forScope /Yu"StdAfx.h" /Fp"Release\DbgGsWindow.pch" /Fo"Release\\" /Fd"Release\vc100.pdb" /Gd /TP /analyze- /errorReport:prompt DbgGsWindow.cpp
         DbgGsWindow.cpp
     1>DbgGsWindow.cpp(94): warning C4101: 'hbr' : unreferenced local variable
     1>DbgGsWindow.cpp(93): warning C4101: 'hbrOld' : unreferenced local variable
     1>DbgGsWindow.cpp(92): warning C4101: 'dc' : unreferenced local variable
     1>DbgGsWindow.cpp(227): warning C4018: '<' : signed/unsigned mismatch
     1>DbgGsWindow.cpp(306): warning C4996: 'swprintf': swprintf has been changed to conform with the ISO C standard, adding an extra character count parameter. To use traditional Microsoft swprintf, set _CRT_NON_CONFORMING_SWPRINTFS.
                 c:\Program Files (x86)\Microsoft Visual Studio 10.0\VC\include\swprintf.inl(85) : see declaration of 'swprintf'
       ResourceCompile:
         All outputs are up-to-date.
       Link:
         c:\Program Files (x86)\Microsoft Visual Studio 10.0\VC\bin\link.exe /ERRORREPORT:PROMPT /OUT:"C:\DO_NOT_DELETE\DbgGsWindow\DbgGsWindow\Release\DbgGsWindow.exe" /INCREMENTAL:NO /NOLOGO kernel32.lib user32.lib gdi32.lib winspool.lib comdlg32.lib advapi32.lib shell32.lib ole32.lib oleaut32.lib uuid.lib odbc32.lib odbccp32.lib /MANIFEST /ManifestFile:"Release\DbgGsWindow.exe.intermediate.manifest" /MANIFESTUAC:"level='asInvoker' uiAccess='false'" /DEBUG /PDB:"C:\DO_NOT_DELETE\DbgGsWindow\DbgGsWindow\Release\DbgGsWindow.pdb" /SUBSYSTEM:WINDOWS /OPT:REF /OPT:ICF /LTCG /TLBID:1 /DYNAMICBASE /NXCOMPAT /IMPLIB:"C:\DO_NOT_DELETE\DbgGsWindow\DbgGsWindow\Release\DbgGsWindow.lib" /MACHINE:X86 Release\DbgGsWindow.res
         Release\DbgGsWindow.obj
         Release\stdafx.obj
         Generating code
         Finished generating code
         DbgGsWindow.vcxproj -> C:\DO_NOT_DELETE\DbgGsWindow\DbgGsWindow\Release\DbgGsWindow.exe
       Manifest:
         C:\Program Files (x86)\Microsoft SDKs\Windows\v7.0A\bin\mt.exe /nologo /verbose /outputresource:"C:\DO_NOT_DELETE\DbgGsWindow\DbgGsWindow\Release\DbgGsWindow.exe;#1" /manifest Release\DbgGsWindow.exe.intermediate.manifest
       FinalizeBuildStatus:
         Deleting file "Release\DbgGsWindow.unsuccessfulbuild".
         Touching "Release\DbgGsWindow.lastbuildstate".
     1>Done Building Project "C:\DO_NOT_DELETE\DbgGsWindow\DbgGsWindow\DbgGsWindow.vcxproj" (build target(s)).

Build succeeded.

Time Elapsed 00:00:00.74
